<?xml version="1.0" encoding="UTF-8"?>
<testsuite name="snake.basic.DeathTests" tests="3" skipped="0" failures="0" errors="0" timestamp="2024-09-17T20:29:01" hostname="LAPTOP-68J58FIR" time="0.026">
  <properties/>
  <testcase name="testGameOver" classname="snake.basic.DeathTests" time="0.007"/>
  <testcase name="testPreciselyDoesNotDie" classname="snake.basic.DeathTests" time="0.009"/>
  <testcase name="testNoEscapeGameOver" classname="snake.basic.DeathTests" time="0.007"/>
  <system-out><![CDATA[]]></system-out>
  <system-err><![CDATA[]]></system-err>
</testsuite>
