<?xml version="1.0" encoding="UTF-8"?>
<testsuite name="snake.SnakeTestsAssignment2_3" tests="0" skipped="0" failures="0" errors="0" timestamp="1970-01-01T00:00:00" hostname="LAPTOP-68J58FIR" time="0.0">
  <properties/>
  <system-out><![CDATA[You got 14/30 points!
Your grade for the snake exercise will be : 2.57
]]></system-out>
  <system-err><![CDATA[]]></system-err>
</testsuite>
