<?xml version="1.0" encoding="UTF-8"?>
<testsuite name="snake.basic.DeathTests" tests="3" skipped="0" failures="0" errors="0" timestamp="2024-09-22T18:43:43" hostname="LAPTOP-68J58FIR" time="0.093">
  <properties/>
  <testcase name="testGameOver" classname="snake.basic.DeathTests" time="0.024"/>
  <testcase name="testPreciselyDoesNotDie" classname="snake.basic.DeathTests" time="0.012"/>
  <testcase name="testNoEscapeGameOver" classname="snake.basic.DeathTests" time="0.053"/>
  <system-out><![CDATA[]]></system-out>
  <system-err><![CDATA[]]></system-err>
</testsuite>
